<?xml version="1.0" encoding="UTF-8" ?>
<testsuite errors="4" failures="0" hostname="Jeans-MacBook-Pro.local" name="org.chai.location.location.LocationSpec" tests="4" time="0.15" timestamp="2012-07-23T12:29:50">
  <properties />
  <testcase classname="org.chai.location.location.LocationSpec" name="type cannot be null" time="0.038">
    <error message="No signature of method: static org.chai.location.IntegrationTests.newLocation() is applicable for argument types: (java.lang.String, java.lang.String, org.chai.location.LocationLevel) values: [Rwanda, Rwanda, LocationLevel[Id=73, Code=1]]&#xa;Possible solutions: newLocation(java.lang.Object, java.lang.Object, java.lang.Object, java.lang.Object)" type="groovy.lang.MissingMethodException">groovy.lang.MissingMethodException: No signature of method: static org.chai.location.IntegrationTests.newLocation() is applicable for argument types: (java.lang.String, java.lang.String, org.chai.location.LocationLevel) values: [Rwanda, Rwanda, LocationLevel[Id=73, Code=1]]
Possible solutions: newLocation(java.lang.Object, java.lang.Object, java.lang.Object, java.lang.Object)
	at org.chai.location.IntegrationTests.setupLocationTree(IntegrationTests.groovy:79)
	at org.chai.location.location.LocationSpec.type cannot be null(LocationSpec.groovy:13)
</error>
  </testcase>
  <testcase classname="org.chai.location.location.LocationSpec" name="code cannot be null" time="0.031">
    <error message="No signature of method: static org.chai.location.IntegrationTests.newLocation() is applicable for argument types: (java.lang.String, java.lang.String, org.chai.location.LocationLevel) values: [Rwanda, Rwanda, LocationLevel[Id=77, Code=1]]&#xa;Possible solutions: newLocation(java.lang.Object, java.lang.Object, java.lang.Object, java.lang.Object)" type="groovy.lang.MissingMethodException">groovy.lang.MissingMethodException: No signature of method: static org.chai.location.IntegrationTests.newLocation() is applicable for argument types: (java.lang.String, java.lang.String, org.chai.location.LocationLevel) values: [Rwanda, Rwanda, LocationLevel[Id=77, Code=1]]
Possible solutions: newLocation(java.lang.Object, java.lang.Object, java.lang.Object, java.lang.Object)
	at org.chai.location.IntegrationTests.setupLocationTree(IntegrationTests.groovy:79)
	at org.chai.location.location.LocationSpec.code cannot be null(LocationSpec.groovy:30)
</error>
  </testcase>
  <testcase classname="org.chai.location.location.LocationSpec" name="code cannot be empty" time="0.031">
    <error message="No signature of method: static org.chai.location.IntegrationTests.newLocation() is applicable for argument types: (java.lang.String, java.lang.String, org.chai.location.LocationLevel) values: [Rwanda, Rwanda, LocationLevel[Id=81, Code=1]]&#xa;Possible solutions: newLocation(java.lang.Object, java.lang.Object, java.lang.Object, java.lang.Object)" type="groovy.lang.MissingMethodException">groovy.lang.MissingMethodException: No signature of method: static org.chai.location.IntegrationTests.newLocation() is applicable for argument types: (java.lang.String, java.lang.String, org.chai.location.LocationLevel) values: [Rwanda, Rwanda, LocationLevel[Id=81, Code=1]]
Possible solutions: newLocation(java.lang.Object, java.lang.Object, java.lang.Object, java.lang.Object)
	at org.chai.location.IntegrationTests.setupLocationTree(IntegrationTests.groovy:79)
	at org.chai.location.location.LocationSpec.code cannot be empty(LocationSpec.groovy:47)
</error>
  </testcase>
  <testcase classname="org.chai.location.location.LocationSpec" name="data location type code cannot be null" time="0.046">
    <error message="Validation Error(s) occurred during save():&#xa;- Field error in object &apos;org.chai.location.DataLocationType&apos; on field &apos;names&apos;: rejected value [null]; codes [org.chai.location.DataLocationType.names.nullable.error.org.chai.location.DataLocationType.names,org.chai.location.DataLocationType.names.nullable.error.names,org.chai.location.DataLocationType.names.nullable.error.java.lang.String,org.chai.location.DataLocationType.names.nullable.error,dataLocationType.names.nullable.error.org.chai.location.DataLocationType.names,dataLocationType.names.nullable.error.names,dataLocationType.names.nullable.error.java.lang.String,dataLocationType.names.nullable.error,org.chai.location.DataLocationType.names.nullable.org.chai.location.DataLocationType.names,org.chai.location.DataLocationType.names.nullable.names,org.chai.location.DataLocationType.names.nullable.java.lang.String,org.chai.location.DataLocationType.names.nullable,dataLocationType.names.nullable.org.chai.location.DataLocationType.names,dataLocationType.names.nullable.names,dataLocationType.names.nullable.java.lang.String,dataLocationType.names.nullable,nullable.org.chai.location.DataLocationType.names,nullable.names,nullable.java.lang.String,nullable]; arguments [names,class org.chai.location.DataLocationType]; default message [Property [{0}] of class [{1}] cannot be null]&#xa;" type="grails.validation.ValidationException">grails.validation.ValidationException: Validation Error(s) occurred during save():
- Field error in object &apos;org.chai.location.DataLocationType&apos; on field &apos;names&apos;: rejected value [null]; codes [org.chai.location.DataLocationType.names.nullable.error.org.chai.location.DataLocationType.names,org.chai.location.DataLocationType.names.nullable.error.names,org.chai.location.DataLocationType.names.nullable.error.java.lang.String,org.chai.location.DataLocationType.names.nullable.error,dataLocationType.names.nullable.error.org.chai.location.DataLocationType.names,dataLocationType.names.nullable.error.names,dataLocationType.names.nullable.error.java.lang.String,dataLocationType.names.nullable.error,org.chai.location.DataLocationType.names.nullable.org.chai.location.DataLocationType.names,org.chai.location.DataLocationType.names.nullable.names,org.chai.location.DataLocationType.names.nullable.java.lang.String,org.chai.location.DataLocationType.names.nullable,dataLocationType.names.nullable.org.chai.location.DataLocationType.names,dataLocationType.names.nullable.names,dataLocationType.names.nullable.java.lang.String,dataLocationType.names.nullable,nullable.org.chai.location.DataLocationType.names,nullable.names,nullable.java.lang.String,nullable]; arguments [names,class org.chai.location.DataLocationType]; default message [Property [{0}] of class [{1}] cannot be null]

	at org.chai.location.location.LocationSpec.data location type code cannot be null(LocationSpec.groovy:64)
</error>
  </testcase>
  <system-out><![CDATA[--Output from type cannot be null--
--Output from code cannot be null--
--Output from code cannot be empty--
--Output from data location type code cannot be null--
]]></system-out>
  <system-err><![CDATA[--Output from type cannot be null--
--Output from code cannot be null--
--Output from code cannot be empty--
--Output from data location type code cannot be null--
]]></system-err>
</testsuite>
